Sun Nov 10 2019 14:52:06 GMT+0530 (India Standard Time): GET /
Sun Nov 10 2019 14:52:34 GMT+0530 (India Standard Time): GET /about
Sun Nov 10 2019 17:57:53 GMT+0530 (India Standard Time): GET /about
Sun Nov 10 2019 17:58:22 GMT+0530 (India Standard Time): GET /
Sun Nov 10 2019 17:58:44 GMT+0530 (India Standard Time): GET /hepl
Sun Nov 10 2019 18:00:18 GMT+0530 (India Standard Time): GET /help.html
Sun Nov 10 2019 18:00:25 GMT+0530 (India Standard Time): GET /
Sun Nov 10 2019 18:01:03 GMT+0530 (India Standard Time): GET /
Sun Nov 10 2019 18:01:05 GMT+0530 (India Standard Time): GET /
Sun Nov 10 2019 18:01:06 GMT+0530 (India Standard Time): GET /
Sun Nov 10 2019 18:01:06 GMT+0530 (India Standard Time): GET /
Sun Nov 10 2019 18:01:06 GMT+0530 (India Standard Time): GET /
Sun Nov 10 2019 18:01:06 GMT+0530 (India Standard Time): GET /
Sun Nov 10 2019 18:01:06 GMT+0530 (India Standard Time): GET /
Sun Nov 10 2019 18:01:07 GMT+0530 (India Standard Time): GET /
Sun Nov 10 2019 18:01:41 GMT+0530 (India Standard Time): GET /
Sun Nov 10 2019 18:02:34 GMT+0530 (India Standard Time): GET /
Mon Nov 11 2019 02:34:17 GMT+0530 (India Standard Time): GET /
Mon Nov 11 2019 02:34:21 GMT+0530 (India Standard Time): GET /
Mon Nov 11 2019 02:39:55 GMT+0530 (India Standard Time): GET /
Mon Nov 11 2019 02:39:59 GMT+0530 (India Standard Time): GET /
Mon Nov 11 2019 03:03:48 GMT+0530 (India Standard Time): GET /bad
